s:\kpu\4-1\apiproject\bubble bobble2\bubble bobble2\debug\vc141.pdb
s:\kpu\4-1\apiproject\bubble bobble2\bubble bobble2\debug\vc141.idb
s:\kpu\4-1\apiproject\bubble bobble2\bubble bobble2\debug\cbitmap.obj
s:\kpu\4-1\apiproject\bubble bobble2\bubble bobble2\debug\cbitmapmanager.obj
s:\kpu\4-1\apiproject\bubble bobble2\bubble bobble2\debug\cgamemanager.obj
s:\kpu\4-1\apiproject\bubble bobble2\bubble bobble2\debug\client_main.obj
s:\kpu\4-1\apiproject\bubble bobble2\bubble bobble2\debug\cdbmanager.obj
s:\kpu\4-1\apiproject\bubble bobble2\bubble bobble2\debug\cscene.obj
s:\kpu\4-1\apiproject\bubble bobble2\bubble bobble2\debug\cobject.obj
s:\kpu\4-1\apiproject\bubble bobble2\bubble bobble2\debug\cscenemanager.obj
s:\kpu\4-1\apiproject\bubble bobble2\bubble bobble2\debug\csoundmanager.obj
s:\kpu\4-1\apiproject\bubble bobble2\bubble bobble2\debug\cfactory.obj
s:\kpu\4-1\apiproject\bubble bobble2\bubble bobble2\debug\cnpc.obj
s:\kpu\4-1\apiproject\bubble bobble2\bubble bobble2\debug\cplayer.obj
s:\kpu\4-1\apiproject\bubble bobble2\bubble bobble2\debug\citem.obj
s:\kpu\4-1\apiproject\bubble bobble2\bubble bobble2\debug\cpannel.obj
s:\kpu\4-1\apiproject\bubble bobble2\bubble bobble2\debug\ctext.obj
s:\kpu\4-1\apiproject\bubble bobble2\bubble bobble2\debug\stage1.obj
s:\kpu\4-1\apiproject\bubble bobble2\bubble bobble2\debug\cstage1.obj
s:\kpu\4-1\apiproject\bubble bobble2\bubble bobble2\debug\clogo.obj
s:\kpu\4-1\apiproject\bubble bobble2\bubble bobble2\debug\cmenu.obj
s:\kpu\4-1\apiproject\bubble bobble2\bubble bobble2\debug\cintro.obj
s:\kpu\4-1\apiproject\bubble bobble2\bubble bobble2\debug\cbubble.obj
s:\kpu\4-1\apiproject\bubble bobble2\bubble bobble2\debug\cobstacle.obj
s:\kpu\4-1\apiproject\bubble bobble2\bubble bobble2\debug\cfood.obj
s:\kpu\4-1\apiproject\bubble bobble2\bubble bobble2\debug\chelp.obj
s:\kpu\4-1\apiproject\bubble bobble2\bubble bobble2\debug\cgameover.obj
s:\kpu\4-1\apiproject\bubble bobble2\bubble bobble2\debug\cstage2.obj
s:\kpu\4-1\apiproject\bubble bobble2\debug\bubble bobble2.ilk
s:\kpu\4-1\apiproject\bubble bobble2\debug\bubble bobble2.exe
s:\kpu\4-1\apiproject\bubble bobble2\debug\bubble bobble2.pdb
s:\kpu\4-1\apiproject\bubble bobble2\bubble bobble2\debug\vc140.idb
s:\kpu\4-1\apiproject\bubble bobble2\bubble bobble2\debug\vc140.pdb
s:\kpu\4-1\apiproject\bubble bobble2\bubble bobble2\debug\bubble bobble2.tlog\cl.command.1.tlog
s:\kpu\4-1\apiproject\bubble bobble2\bubble bobble2\debug\bubble bobble2.tlog\cl.read.1.tlog
s:\kpu\4-1\apiproject\bubble bobble2\bubble bobble2\debug\bubble bobble2.tlog\cl.write.1.tlog
s:\kpu\4-1\apiproject\bubble bobble2\bubble bobble2\debug\bubble bobble2.tlog\link.command.1.tlog
s:\kpu\4-1\apiproject\bubble bobble2\bubble bobble2\debug\bubble bobble2.tlog\link.delete.1.tlog
s:\kpu\4-1\apiproject\bubble bobble2\bubble bobble2\debug\bubble bobble2.tlog\link.read.1.tlog
s:\kpu\4-1\apiproject\bubble bobble2\bubble bobble2\debug\bubble bobble2.tlog\link.write.1.tlog
